<?xml version="1.0" encoding="UTF-8"?>
<!-- Generated by org.testng.reporters.JUnitReportReporter -->
<testsuite hostname="Yash" name="org.com.ObjectMainMobile.MobileTestMainClass" tests="2" failures="0" timestamp="4 May 2019 13:15:22 GMT" time="48.321" errors="0">
  <testcase name="runTest2" time="10.719" classname="org.com.ObjectMainMobile.MobileTestMainClass"/>
  <testcase name="runTest1" time="37.602" classname="org.com.ObjectMainMobile.MobileTestMainClass"/>
</testsuite> <!-- org.com.ObjectMainMobile.MobileTestMainClass -->
