<?xml version="1.0" encoding="UTF-8"?>
<!-- Generated by org.testng.reporters.JUnitReportReporter -->
<testsuite skipped="0" hostname="VATLITWB00266" name="org.com.ObjectMainMobile.MobileTestMainClass" tests="1" failures="0" timestamp="19 May 2021 07:12:19 GMT" time="126.298" errors="0">
  <testcase name="runTest1" time="126.298" classname="org.com.ObjectMainMobile.MobileTestMainClass"/>
</testsuite> <!-- org.com.ObjectMainMobile.MobileTestMainClass -->
